mat_dim:  3 8
Initial State: 
---------------------------
  1   2   3   
  4   5   6   
  0   7   8   


Initiating manhattan search...
Sucess! at depth: 2
Expanded_nodes:  2
Largest size of queue was:  2
Frontier nodes length:  1
Time elapsed: 107.0 microseconds

 
Initial State: 
---------------------------
  1   2   3   
  5   0   6   
  4   7   8   


Initiating manhattan search...
Sucess! at depth: 4
Expanded_nodes:  4
Largest size of queue was:  5
Frontier nodes length:  4
Time elapsed: 136.0 microseconds

 
Initial State: 
---------------------------
  1   3   6   
  5   0   2   
  4   7   8   


Initiating manhattan search...
Sucess! at depth: 8
Expanded_nodes:  12
Largest size of queue was:  11
Frontier nodes length:  10
Time elapsed: 349.0 microseconds

 
Initial State: 
---------------------------
  1   3   6   
  5   0   7   
  4   8   2   


Initiating manhattan search...
Sucess! at depth: 12
Expanded_nodes:  31
Largest size of queue was:  25
Frontier nodes length:  24
Time elapsed: 1.17 milliseconds

 
Initial State: 
---------------------------
  1   6   7   
  5   0   3   
  4   8   2   


Initiating manhattan search...
Sucess! at depth: 18
Expanded_nodes:  160
Largest size of queue was:  108
Frontier nodes length:  107
Time elapsed: 8.03 milliseconds

 
Initial State: 
---------------------------
  7   1   2   
  4   8   5   
  6   3   0   


Initiating manhattan search...
Sucess! at depth: 20
Expanded_nodes:  371
Largest size of queue was:  235
Frontier nodes length:  235
Time elapsed: 19.75 milliseconds

 
Initial State: 
---------------------------
  0   7   2   
  4   6   1   
  3   5   8   


Initiating manhattan search...
Sucess! at depth: 24
Expanded_nodes:  1567
Largest size of queue was:  891
Frontier nodes length:  891
Time elapsed: 172.35 milliseconds

 
Initial State: 
---------------------------
  8   6   7   
  2   5   4   
  3   0   1   


Initiating manhattan search...
Sucess! at depth: 31
Expanded_nodes:  7615
Largest size of queue was:  3976
Frontier nodes length:  3975
Time elapsed: 2.78 seconds

 
